<?xml version="1.0" encoding="UTF-8"?>
<!-- Generated by org.testng.reporters.JUnitReportReporter -->
<testsuite hostname="01250LT2368" name="testCase.TestCaseforVerifySearchModule" tests="15" failures="0" timestamp="22 Jan 2016 17:18:32 GMT" time="52.939" errors="0">
  <testcase name="clickNameTab" time="2.408" classname="testCase.TestCaseforVerifySearchModule"/>
  <testcase name="clickSearchList" time="1.966" classname="testCase.TestCaseforVerifySearchModule"/>
  <testcase name="clickNameTab" time="2.394" classname="testCase.TestCaseforVerifySearchModule"/>
  <testcase name="clickSearchList" time="0.917" classname="testCase.TestCaseforVerifySearchModule"/>
  <testcase name="clickNameTab" time="3.410" classname="testCase.TestCaseforVerifySearchModule"/>
  <testcase name="loging" time="4.708" classname="testCase.TestCaseforVerifySearchModule"/>
  <testcase name="openMemberProfile" time="5.965" classname="testCase.TestCaseforVerifySearchModule"/>
  <testcase name="loging" time="4.873" classname="testCase.TestCaseforVerifySearchModule"/>
  <testcase name="clickSearchList" time="0.846" classname="testCase.TestCaseforVerifySearchModule"/>
  <testcase name="loging" time="4.337" classname="testCase.TestCaseforVerifySearchModule"/>
  <testcase name="membersSearchByName" time="5.049" classname="testCase.TestCaseforVerifySearchModule"/>
  <testcase name="membersSearchByName" time="4.418" classname="testCase.TestCaseforVerifySearchModule"/>
  <testcase name="membersSearchByName" time="4.317" classname="testCase.TestCaseforVerifySearchModule"/>
  <testcase name="openMemberProfile" time="2.892" classname="testCase.TestCaseforVerifySearchModule"/>
  <testcase name="openMemberProfile" time="4.439" classname="testCase.TestCaseforVerifySearchModule"/>
</testsuite> <!-- testCase.TestCaseforVerifySearchModule -->
